<?xml version="1.0" encoding="UTF-8"?>
<testng-results ignored="0" total="2" passed="2" failed="0" skipped="0">
  <reporter-output>
  </reporter-output>
  <suite started-at="2026-06-05T12:20:12 TRT" name="Default suite" finished-at="2026-06-05T12:20:55 TRT" duration-ms="42635">
    <groups>
    </groups>
    <test started-at="2026-06-05T12:20:12 TRT" name="Default test" finished-at="2026-06-05T12:20:55 TRT" duration-ms="42635">
      <class name="test.ProfileTest">
        <test-method is-config="true" signature="setup()[pri:0, instance:test.ProfileTest@79079097]" started-at="2026-06-05T12:20:12 TRT" name="setup" finished-at="2026-06-05T12:20:17 TRT" duration-ms="4974" status="PASS">
          <reporter-output>
          </reporter-output>
        </test-method> <!-- setup -->
        <test-method signature="openProfilePage()[pri:1, instance:test.ProfileTest@79079097]" started-at="2026-06-05T12:20:17 TRT" name="openProfilePage" finished-at="2026-06-05T12:20:51 TRT" duration-ms="33258" status="PASS">
          <reporter-output>
          </reporter-output>
        </test-method> <!-- openProfilePage -->
        <test-method signature="updateDisplayName()[pri:2, instance:test.ProfileTest@79079097]" started-at="2026-06-05T12:20:51 TRT" name="updateDisplayName" finished-at="2026-06-05T12:20:55 TRT" duration-ms="4085" status="PASS">
          <reporter-output>
          </reporter-output>
        </test-method> <!-- updateDisplayName -->
        <test-method is-config="true" signature="tearDown()[pri:0, instance:test.ProfileTest@79079097]" started-at="2026-06-05T12:20:55 TRT" name="tearDown" finished-at="2026-06-05T12:20:55 TRT" duration-ms="268" status="PASS">
          <reporter-output>
          </reporter-output>
        </test-method> <!-- tearDown -->
      </class> <!-- test.ProfileTest -->
    </test> <!-- Default test -->
  </suite> <!-- Default suite -->
</testng-results>
