<?xml version="1.0" encoding="UTF-8"?>
<!-- Generated by org.testng.reporters.JUnitReportReporter -->
<testsuite hostname="DESKTOP-000NHCC" failures="0" tests="3" name="test.AuthFlowTest" time="18.877" errors="0" timestamp="2026-06-05T16:35:04 TRT" skipped="0">
  <testcase classname="test.AuthFlowTest" name="loginWithValidInput" time="5.833"/>
  <testcase classname="test.AuthFlowTest" name="logoutTest" time="6.796"/>
  <testcase classname="test.AuthFlowTest" name="loginWithInvalidPassword" time="6.248"/>
</testsuite> <!-- test.AuthFlowTest -->
