<?xml version="1.0" encoding="UTF-8"?>
<!-- Generated by org.testng.reporters.JUnitReportReporter -->
<testsuite hostname="DESKTOP-000NHCC" failures="0" tests="3" name="test.AuthFlowTest" time="32.689" errors="0" timestamp="2026-06-05T12:13:02 TRT" skipped="0">
  <testcase classname="test.AuthFlowTest" name="loginWithValidCredentials" time="22.531"/>
  <testcase classname="test.AuthFlowTest" name="logoutTest" time="5.483"/>
  <testcase classname="test.AuthFlowTest" name="loginWithInvalidPassword" time="4.675"/>
</testsuite> <!-- test.AuthFlowTest -->
