<?xml version="1.0" encoding="UTF-8"?>
<!-- Generated by org.testng.reporters.JUnitReportReporter -->
<testsuite hostname="DESKTOP-000NHCC" failures="0" tests="3" name="hassan.screenCast.AuthFlowTest" time="22.530" errors="0" timestamp="2026-06-04T19:09:59 TRT" skipped="0">
  <testcase classname="hassan.screenCast.AuthFlowTest" name="loginWithValidCredentials" time="5.679"/>
  <testcase classname="hassan.screenCast.AuthFlowTest" name="logout" time="11.081"/>
  <testcase classname="hassan.screenCast.AuthFlowTest" name="loginWithInvalidPassword" time="5.770"/>
</testsuite> <!-- hassan.screenCast.AuthFlowTest -->
